<?xml version="1.0" encoding="UTF-8"?>
<!-- Generated by org.testng.reporters.JUnitReportReporter -->
<testsuite hostname="Admin-PC" name="com.qa.LaunchBrowser.ChromeBrowserTest_1" tests="1" failures="0" timestamp="19 Dec 2019 16:58:38 GMT" time="5.580" errors="0">
  <testcase name="chromeBrowserTest_1" time="5.580" classname="com.qa.LaunchBrowser.ChromeBrowserTest_1"/>
</testsuite> <!-- com.qa.LaunchBrowser.ChromeBrowserTest_1 -->
