<?xml version="1.0" encoding="UTF-8"?>
<!-- Generated by org.testng.reporters.JUnitReportReporter -->
<testsuite hostname="Admin-PC" name="com.qa.Appium.AppiumTest" tests="2" failures="0" timestamp="16 Dec 2019 15:58:14 GMT" time="0.005" errors="0">
  <testcase name="nativeApplication" time="0.003" classname="com.qa.Appium.AppiumTest"/>
  <testcase name="hybridApplication" time="0.002" classname="com.qa.Appium.AppiumTest"/>
</testsuite> <!-- com.qa.Appium.AppiumTest -->
