<?xml version="1.0" encoding="UTF-8"?>
<!-- Generated by org.testng.reporters.JUnitReportReporter -->
<testsuite hostname="Admin-PC" name="com.qa.ChromeTests.ChromeBrowserTest_3" tests="1" failures="0" timestamp="17 Feb 2020 14:38:12 GMT" time="14.018" errors="0">
  <testcase name="chromeBrowserTest_3" time="14.018" classname="com.qa.ChromeTests.ChromeBrowserTest_3"/>
</testsuite> <!-- com.qa.ChromeTests.ChromeBrowserTest_3 -->
