<?xml version="1.0" encoding="UTF-8"?>
<!-- Generated by org.testng.reporters.JUnitReportReporter -->
<testsuite hostname="Admin-PC" name="com.qa.Rest.RestAssured" tests="2" failures="0" timestamp="29 Nov 2019 15:13:39 GMT" time="0.004" errors="0">
  <testcase name="statusCode" time="0.002" classname="com.qa.Rest.RestAssured"/>
  <testcase name="responseBody" time="0.002" classname="com.qa.Rest.RestAssured"/>
</testsuite> <!-- com.qa.Rest.RestAssured -->
