<?xml version="1.0" encoding="UTF-8"?>
<!-- Generated by org.testng.reporters.JUnitReportReporter -->
<testsuite hostname="Admin-PC" name="com.qa.Web.WebTest" tests="2" failures="0" timestamp="30 Nov 2019 05:43:53 GMT" time="0.003" errors="0">
  <testcase name="applicationLaunched" time="0.001" classname="com.qa.Web.WebTest"/>
  <testcase name="browserOpened" time="0.002" classname="com.qa.Web.WebTest"/>
</testsuite> <!-- com.qa.Web.WebTest -->
