<?xml version="1.0" encoding="UTF-8"?>
<!-- Generated by org.testng.reporters.JUnitReportReporter -->
<testsuite hostname="Admin-PC" name="com.qa.LaunchBrowser.ChromeBrowserTest" tests="3" failures="0" timestamp="19 Dec 2019 16:54:33 GMT" time="15.022" errors="0">
  <testcase name="launchBrowser_1" time="5.947" classname="com.qa.LaunchBrowser.ChromeBrowserTest"/>
  <testcase name="launchBrowser_2" time="4.641" classname="com.qa.LaunchBrowser.ChromeBrowserTest"/>
  <testcase name="launchBrowser_3" time="4.434" classname="com.qa.LaunchBrowser.ChromeBrowserTest"/>
</testsuite> <!-- com.qa.LaunchBrowser.ChromeBrowserTest -->
