<?xml version="1.0" encoding="UTF-8"?>
<!-- Generated by org.testng.reporters.JUnitReportReporter -->
<testsuite hostname="Admin-PC" name="com.qa.ChromeTests.ChromeBrowserTest_2" tests="1" failures="0" timestamp="17 Feb 2020 14:38:12 GMT" time="31.498" errors="0">
  <testcase name="chromeBrowserTest_2" time="31.498" classname="com.qa.ChromeTests.ChromeBrowserTest_2"/>
</testsuite> <!-- com.qa.ChromeTests.ChromeBrowserTest_2 -->
