<?xml version="1.0" encoding="UTF-8"?>
<!-- Generated by org.testng.reporters.JUnitReportReporter -->
<testsuite hostname="Admin-PC" name="com.qa.Web.WebTest" tests="2" failures="0" timestamp="16 Dec 2019 15:58:14 GMT" time="0.026" errors="0">
  <testcase name="browserOpened" time="0.023" classname="com.qa.Web.WebTest"/>
  <testcase name="applicationLaunched" time="0.003" classname="com.qa.Web.WebTest"/>
</testsuite> <!-- com.qa.Web.WebTest -->
