<?xml version="1.0" encoding="UTF-8"?>
<!-- Generated by org.testng.reporters.JUnitReportReporter -->
<testsuite hostname="Admin-PC" name="com.qa.Appium.AppiumTest" tests="2" failures="0" timestamp="30 Nov 2019 05:43:53 GMT" time="0.024" errors="0">
  <testcase name="nativeApplication" time="0.020" classname="com.qa.Appium.AppiumTest"/>
  <testcase name="hybridApplication" time="0.004" classname="com.qa.Appium.AppiumTest"/>
</testsuite> <!-- com.qa.Appium.AppiumTest -->
