<?xml version="1.0" encoding="UTF-8"?>
<!-- Generated by org.testng.reporters.JUnitReportReporter -->
<testsuite hostname="Admin-PC" name="com.qa.Web.Web" tests="2" failures="0" timestamp="29 Nov 2019 15:13:39 GMT" time="0.003" errors="0">
  <testcase name="applicationLaunched" time="0.001" classname="com.qa.Web.Web"/>
  <testcase name="browserOpened" time="0.002" classname="com.qa.Web.Web"/>
</testsuite> <!-- com.qa.Web.Web -->
