<?xml version="1.0" encoding="UTF-8"?>
<!-- Generated by org.testng.reporters.JUnitReportReporter -->
<testsuite hostname="Admin-PC" name="com.qa.Appium.AppiumTest" tests="2" failures="0" timestamp="19 Dec 2019 17:06:11 GMT" time="0.004" errors="0">
  <testcase name="hybridApplication" time="0.002" classname="com.qa.Appium.AppiumTest"/>
  <testcase name="nativeApplication" time="0.002" classname="com.qa.Appium.AppiumTest"/>
</testsuite> <!-- com.qa.Appium.AppiumTest -->
