<?xml version="1.0" encoding="UTF-8"?>
<!-- Generated by org.testng.reporters.JUnitReportReporter -->
<testsuite hostname="Admin-PC" name="com.qa.Appium.Appium" tests="2" failures="0" timestamp="29 Nov 2019 15:13:39 GMT" time="0.019" errors="0">
  <testcase name="nativeApplication" time="0.017" classname="com.qa.Appium.Appium"/>
  <testcase name="hybridApplication" time="0.002" classname="com.qa.Appium.Appium"/>
</testsuite> <!-- com.qa.Appium.Appium -->
