<?xml version="1.0" encoding="UTF-8"?>
<!-- Generated by org.testng.reporters.JUnitReportReporter -->
<testsuite hostname="Admin-PC" name="com.qa.LaunchBrowser.ChromeBrowserTest_2" tests="1" failures="0" timestamp="19 Dec 2019 16:58:38 GMT" time="4.407" errors="0">
  <testcase name="chromeBrowserTest_2" time="4.407" classname="com.qa.LaunchBrowser.ChromeBrowserTest_2"/>
</testsuite> <!-- com.qa.LaunchBrowser.ChromeBrowserTest_2 -->
