<?xml version="1.0" encoding="UTF-8"?>
<!-- Generated by org.testng.reporters.JUnitReportReporter -->
<testsuite hostname="Admin-PC" name="com.qa.Rest.RestAssuredTest" tests="2" failures="0" timestamp="19 Dec 2019 17:06:11 GMT" time="0.005" errors="0">
  <testcase name="statusCode" time="0.002" classname="com.qa.Rest.RestAssuredTest"/>
  <testcase name="responseBody" time="0.003" classname="com.qa.Rest.RestAssuredTest"/>
</testsuite> <!-- com.qa.Rest.RestAssuredTest -->
