<?xml version="1.0" encoding="UTF-8"?>
<!-- Generated by org.testng.reporters.JUnitReportReporter -->
<testsuite skipped="0" hostname="Admin-PC" name="com.qa.ChromeTests.ChromeBrowserTest_3" tests="1" failures="0" timestamp="2020-02-17T20:04:52 IST" time="12.384" errors="0">
  <testcase name="chromeBrowserTest_3" time="12.384" classname="com.qa.ChromeTests.ChromeBrowserTest_3"/>
</testsuite> <!-- com.qa.ChromeTests.ChromeBrowserTest_3 -->
