<?xml version="1.0" encoding="UTF-8"?>
<!-- Generated by org.testng.reporters.JUnitReportReporter -->
<testsuite skipped="0" hostname="Admin-PC" name="com.qa.Web.Web" tests="2" failures="0" timestamp="2019-11-29T21:07:10 IST" time="0.001" errors="0">
  <testcase name="browserOpened" time="0.000" classname="com.qa.Web.Web"/>
  <testcase name="applicationLaunched" time="0.001" classname="com.qa.Web.Web"/>
</testsuite> <!-- com.qa.Web.Web -->
