<?xml version="1.0" encoding="UTF-8"?>
<!-- Generated by org.testng.reporters.JUnitReportReporter -->
<testsuite skipped="0" hostname="Admin-PC" name="com.qa.Rest.RestAssuredTest" tests="2" failures="0" timestamp="2019-11-30T11:15:53 IST" time="0.000" errors="0">
  <testcase name="statusCode" time="0.000" classname="com.qa.Rest.RestAssuredTest"/>
  <testcase name="responseBody" time="0.000" classname="com.qa.Rest.RestAssuredTest"/>
</testsuite> <!-- com.qa.Rest.RestAssuredTest -->
