<?xml version="1.0" encoding="UTF-8"?>
<!-- Generated by org.testng.reporters.JUnitReportReporter -->
<testsuite skipped="0" hostname="Admin-PC" name="com.qa.Rest.RestAssured" tests="2" failures="0" timestamp="2019-11-29T21:07:10 IST" time="0.001" errors="0">
  <testcase name="statusCode" time="0.000" classname="com.qa.Rest.RestAssured"/>
  <testcase name="responseBody" time="0.001" classname="com.qa.Rest.RestAssured"/>
</testsuite> <!-- com.qa.Rest.RestAssured -->
