<?xml version="1.0" encoding="UTF-8"?>
<!-- Generated by org.testng.reporters.JUnitReportReporter -->
<testsuite skipped="0" hostname="Admin-PC" name="com.qa.Web.WebTest" tests="2" failures="0" timestamp="2019-12-11T22:33:13 IST" time="0.013" errors="0">
  <testcase name="browserOpened" time="0.012" classname="com.qa.Web.WebTest"/>
  <testcase name="applicationLaunched" time="0.001" classname="com.qa.Web.WebTest"/>
</testsuite> <!-- com.qa.Web.WebTest -->
