<?xml version="1.0" encoding="UTF-8"?>
<!-- Generated by org.testng.reporters.JUnitReportReporter -->
<testsuite skipped="0" hostname="Admin-PC" name="com.qa.Appium.Appium" tests="2" failures="0" timestamp="2019-11-29T21:07:10 IST" time="0.011" errors="0">
  <testcase name="nativeApplication" time="0.011" classname="com.qa.Appium.Appium"/>
  <testcase name="hybridApplication" time="0.000" classname="com.qa.Appium.Appium"/>
</testsuite> <!-- com.qa.Appium.Appium -->
