<?xml version="1.0" encoding="UTF-8"?>
<!-- Generated by org.testng.reporters.JUnitReportReporter -->
<testsuite skipped="0" hostname="Admin-PC" name="com.qa.Web.WebTest" tests="2" failures="0" timestamp="2019-11-30T11:15:53 IST" time="0.000" errors="0">
  <testcase name="browserOpened" time="0.000" classname="com.qa.Web.WebTest"/>
  <testcase name="applicationLaunched" time="0.000" classname="com.qa.Web.WebTest"/>
</testsuite> <!-- com.qa.Web.WebTest -->
