<?xml version="1.0" encoding="UTF-8"?>
<!-- Generated by org.testng.reporters.JUnitReportReporter -->
<testsuite skipped="0" hostname="Admin-PC" name="com.qa.Appium.AppiumTest" tests="2" failures="0" timestamp="2019-12-11T22:33:13 IST" time="0.001" errors="0">
  <testcase name="nativeApplication" time="0.001" classname="com.qa.Appium.AppiumTest"/>
  <testcase name="hybridApplication" time="0.000" classname="com.qa.Appium.AppiumTest"/>
</testsuite> <!-- com.qa.Appium.AppiumTest -->
